<?xml version="1.0" encoding="UTF-8"?>
<testsuite name="com.paypal.orders.OrdersPatchTest" tests="1" skipped="0" failures="0" errors="0" timestamp="2018-08-29T22:51:24" hostname="LM-SJN-21017303" time="1.211">
  <properties/>
  <testcase name="testOrdersPatchRequest" classname="com.paypal.orders.OrdersPatchTest" time="1.211"/>
  <system-out><![CDATA[]]></system-out>
  <system-err><![CDATA[]]></system-err>
</testsuite>
