<?xml version="1.0" encoding="UTF-8"?>
<testsuite name="com.paypal.orders.OrdersCreateTest" tests="1" skipped="0" failures="0" errors="0" timestamp="2018-09-04T21:10:12" hostname="LM-SJN-21017303" time="1.124">
  <properties/>
  <testcase name="testOrdersCreateRequest" classname="com.paypal.orders.OrdersCreateTest" time="1.124"/>
  <system-out><![CDATA[]]></system-out>
  <system-err><![CDATA[]]></system-err>
</testsuite>
